{
  "stats": {
    "suites": 1,
    "tests": 1,
    "passes": 0,
    "pending": 0,
    "failures": 1,
    "start": "2024-03-28T15:07:40.334Z",
    "end": "2024-03-28T15:07:41.969Z",
    "duration": 1635,
    "testsRegistered": 1,
    "passPercent": 0,
    "pendingPercent": 0,
    "other": 0,
    "hasOther": false,
    "skipped": 0,
    "hasSkipped": false
  },
  "results": [
    {
      "uuid": "b20ea977-cc75-4e67-bd23-ccf21c1ae012",
      "title": "",
      "fullFile": "cypress/e2e/cats.cy.ts",
      "file": "cypress/e2e/cats.cy.ts",
      "beforeHooks": [],
      "afterHooks": [],
      "tests": [],
      "suites": [
        {
          "uuid": "3be3df93-f0cb-4e31-952a-ec747abb55dc",
          "title": "cats api tests",
          "fullFile": "",
          "file": "",
          "beforeHooks": [],
          "afterHooks": [],
          "tests": [
            {
              "title": "abyssinian data should be correct",
              "fullTitle": "cats api tests abyssinian data should be correct",
              "timedOut": null,
              "duration": 1570,
              "state": "failed",
              "speed": null,
              "pass": false,
              "fail": true,
              "pending": false,
              "context": null,
              "code": "var endpoint = \"https://api.api-ninjas.com/v1/cats\";\nvar params = {\n    name: \"abyssinian\",\n};\nvar headers = {\n    \"X-Api-Key\": Cypress.env().token,\n};\ncy.api({\n    method: \"GET\",\n    url: endpoint,\n    qs: params,\n    headers: headers,\n}).then(function (response) {\n    expect(response.status).to.eq(200);\n    if (Array.isArray(response.body) && response.body.length > 0) {\n        // checking type here\n        var cat = response.body[0];\n        expect(cat.name).to.eq(\"Abyssinian\");\n        expect(cat.length).to.eq(\"12 to 16 inches\");\n        expect(cat.origin).to.eq(\"Southeast Asia\");\n        expect(cat.image_link).to.eq(\"https://api-ninjas.com/images/cats/abyssinian.jpg\");\n        expect(cat.family_friendly).to.eq(3);\n        expect(cat.shedding).to.eq(3);\n        expect(cat.general_health).to.eq(2);\n        expect(cat.playfulness).to.eq(5);\n        expect(cat.children_friendly).to.eq(5);\n        expect(cat.grooming).to.eq(3);\n        expect(cat.intelligence).to.eq(5);\n        expect(cat.other_pets_friendly).to.eq(5);\n        expect(cat.min_weight).to.eq(6);\n        expect(cat.max_weight).to.eq(10);\n        expect(cat.min_life_expectancy).to.eq(9);\n        expect(cat.max_life_expectancy).to.eq(15);\n    }\n    else {\n        throw new Error(\"Response is not in the expected format.\");\n    }\n});",
              "err": {
                "message": "CypressError: `cy.request()` failed on:\n\nhttps://api.api-ninjas.com/v1/cats?name=abyssinian\n\nThe response we received from your web server was:\n\n  > 400: Bad Request\n\nThis was considered a failure because the status code was not `2xx` or `3xx`.\n\nIf you do not want status codes to cause failures pass the option: `failOnStatusCode: false`\n\n-----------------------------------------------------------\n\nThe request we sent was:\n\nMethod: GET\nURL: https://api.api-ninjas.com/v1/cats?name=abyssinian\nHeaders: {\n  \"Connection\": \"keep-alive\",\n  \"X-Api-Key\": \"putTokenHere\",\n  \"user-agent\": \"Mozilla/5.0 (Macintosh; Intel Mac OS X 10_15_7) AppleWebKit/537.36 (KHTML, like Gecko) HeadlessChrome/123.0.0.0 Safari/537.36\",\n  \"accept\": \"*/*\",\n  \"accept-encoding\": \"gzip, deflate\"\n}\n\n-----------------------------------------------------------\n\nThe response we got was:\n\nStatus: 400 - Bad Request\nHeaders: {\n  \"content-type\": \"application/json\",\n  \"content-length\": \"29\",\n  \"connection\": \"keep-alive\",\n  \"date\": \"Thu, 28 Mar 2024 15:07:41 GMT\",\n  \"x-amzn-requestid\": \"546412fe-a7d5-4754-9411-a94088d61ac7\",\n  \"access-control-allow-origin\": \"*\",\n  \"allow\": \"GET, OPTIONS, POST\",\n  \"access-control-allow-headers\": \"*\",\n  \"x-amz-apigw-id\": \"VWIljEjrPHcEJkQ=\",\n  \"access-control-allow-methods\": \"GET, OPTIONS, POST\",\n  \"x-amzn-trace-id\": \"Root=1-660587bc-015c72c973f8c73f13c0b7ce;Parent=7370c7245f226f52;Sampled=0;lineage=31f57f28:0\",\n  \"x-cache\": \"Error from cloudfront\",\n  \"via\": \"1.1 881b12332738e10f6e80298fbdcd7e8e.cloudfront.net (CloudFront)\",\n  \"x-amz-cf-pop\": \"VIE50-C2\",\n  \"x-amz-cf-id\": \"PxiMLkdVIMu5TGKR2GgpDPOqaBwxEGuyRM5Lldbsb1tPVy-ttO3QdA==\"\n}\nBody: {\n  \"error\": \"Invalid API Key.\"\n}\n\n\nhttps://on.cypress.io/request",
                "estack": "CypressError: `cy.request()` failed on:\n\nhttps://api.api-ninjas.com/v1/cats?name=abyssinian\n\nThe response we received from your web server was:\n\n  > 400: Bad Request\n\nThis was considered a failure because the status code was not `2xx` or `3xx`.\n\nIf you do not want status codes to cause failures pass the option: `failOnStatusCode: false`\n\n-----------------------------------------------------------\n\nThe request we sent was:\n\nMethod: GET\nURL: https://api.api-ninjas.com/v1/cats?name=abyssinian\nHeaders: {\n  \"Connection\": \"keep-alive\",\n  \"X-Api-Key\": \"putTokenHere\",\n  \"user-agent\": \"Mozilla/5.0 (Macintosh; Intel Mac OS X 10_15_7) AppleWebKit/537.36 (KHTML, like Gecko) HeadlessChrome/123.0.0.0 Safari/537.36\",\n  \"accept\": \"*/*\",\n  \"accept-encoding\": \"gzip, deflate\"\n}\n\n-----------------------------------------------------------\n\nThe response we got was:\n\nStatus: 400 - Bad Request\nHeaders: {\n  \"content-type\": \"application/json\",\n  \"content-length\": \"29\",\n  \"connection\": \"keep-alive\",\n  \"date\": \"Thu, 28 Mar 2024 15:07:41 GMT\",\n  \"x-amzn-requestid\": \"546412fe-a7d5-4754-9411-a94088d61ac7\",\n  \"access-control-allow-origin\": \"*\",\n  \"allow\": \"GET, OPTIONS, POST\",\n  \"access-control-allow-headers\": \"*\",\n  \"x-amz-apigw-id\": \"VWIljEjrPHcEJkQ=\",\n  \"access-control-allow-methods\": \"GET, OPTIONS, POST\",\n  \"x-amzn-trace-id\": \"Root=1-660587bc-015c72c973f8c73f13c0b7ce;Parent=7370c7245f226f52;Sampled=0;lineage=31f57f28:0\",\n  \"x-cache\": \"Error from cloudfront\",\n  \"via\": \"1.1 881b12332738e10f6e80298fbdcd7e8e.cloudfront.net (CloudFront)\",\n  \"x-amz-cf-pop\": \"VIE50-C2\",\n  \"x-amz-cf-id\": \"PxiMLkdVIMu5TGKR2GgpDPOqaBwxEGuyRM5Lldbsb1tPVy-ttO3QdA==\"\n}\nBody: {\n  \"error\": \"Invalid API Key.\"\n}\n\n\nhttps://on.cypress.io/request\n    at <unknown> (http://localhost:65197/__cypress/runner/cypress_runner.js:133123:72)\n    at tryCatcher (http://localhost:65197/__cypress/runner/cypress_runner.js:1807:23)\n    at Promise._settlePromiseFromHandler (http://localhost:65197/__cypress/runner/cypress_runner.js:1519:31)\n    at Promise._settlePromise (http://localhost:65197/__cypress/runner/cypress_runner.js:1576:18)\n    at Promise._settlePromise0 (http://localhost:65197/__cypress/runner/cypress_runner.js:1621:10)\n    at Promise._settlePromises (http://localhost:65197/__cypress/runner/cypress_runner.js:1701:18)\n    at _drainQueueStep (http://localhost:65197/__cypress/runner/cypress_runner.js:2407:12)\n    at _drainQueue (http://localhost:65197/__cypress/runner/cypress_runner.js:2400:9)\n    at Async._drainQueues (http://localhost:65197/__cypress/runner/cypress_runner.js:2416:5)\n    at Async.drainQueues (http://localhost:65197/__cypress/runner/cypress_runner.js:2286:14)\nFrom Your Spec Code:\n    at Context.ee (webpack://task2/./node_modules/cypress-plugin-api/dist/support.js:14:2002)",
                "diff": null
              },
              "uuid": "11f1981e-7629-42d2-be92-52c3c93e9c25",
              "parentUUID": "3be3df93-f0cb-4e31-952a-ec747abb55dc",
              "isHook": false,
              "skipped": false
            }
          ],
          "suites": [],
          "passes": [],
          "failures": [
            "11f1981e-7629-42d2-be92-52c3c93e9c25"
          ],
          "pending": [],
          "skipped": [],
          "duration": 1570,
          "root": false,
          "rootEmpty": false,
          "_timeout": 2000
        }
      ],
      "passes": [],
      "failures": [],
      "pending": [],
      "skipped": [],
      "duration": 0,
      "root": true,
      "rootEmpty": true,
      "_timeout": 2000
    }
  ],
  "meta": {
    "mocha": {
      "version": "7.0.1"
    },
    "mochawesome": {
      "options": {
        "quiet": false,
        "reportFilename": "mochawesome",
        "saveHtml": false,
        "saveJson": true,
        "consoleReporter": "spec",
        "useInlineDiffs": false,
        "code": true
      },
      "version": "7.1.3"
    },
    "marge": {
      "options": {
        "overwrite": false,
        "html": false,
        "json": true
      },
      "version": "6.2.0"
    }
  }
}